  [1m[35m (420.8ms)[0m  [1m[35mCREATE DATABASE "todoApp_development" ENCODING = 'unicode'[0m
  ↳ bin/rails:9
  [1m[35m (301.1ms)[0m  [1m[35mCREATE DATABASE "todoApp_test" ENCODING = 'unicode'[0m
  ↳ bin/rails:9
  [1m[35m (15.8ms)[0m  [1m[35mCREATE TABLE "schema_migrations" ("version" character varying NOT NULL PRIMARY KEY)[0m
  ↳ bin/rails:9
  [1m[35m (7.6ms)[0m  [1m[35mCREATE TABLE "ar_internal_metadata" ("key" character varying NOT NULL PRIMARY KEY, "value" character varying, "created_at" timestamp NOT NULL, "updated_at" timestamp NOT NULL)[0m
  ↳ bin/rails:9
  [1m[35m (0.2ms)[0m  [1m[34mSELECT pg_try_advisory_lock(1497782295571331280)[0m
  ↳ bin/rails:9
  [1m[35m (0.4ms)[0m  [1m[34mSELECT "schema_migrations"."version" FROM "schema_migrations" ORDER BY "schema_migrations"."version" ASC[0m
  ↳ bin/rails:9
Migrating to CreateTodos (20210108211256)
  [1m[35m (0.4ms)[0m  [1m[35mBEGIN[0m
  ↳ bin/rails:9
  [1m[35m (15.0ms)[0m  [1m[35mCREATE TABLE "todos" ("id" bigserial primary key, "title" character varying NOT NULL, "body" character varying NOT NULL, "done" boolean NOT NULL, "created_at" timestamp NOT NULL, "updated_at" timestamp NOT NULL)[0m
  ↳ db/migrate/20210108211256_create_todos.rb:3
  [1m[36mActiveRecord::SchemaMigration Create (0.7ms)[0m  [1m[32mINSERT INTO "schema_migrations" ("version") VALUES ($1) RETURNING "version"[0m  [["version", "20210108211256"]]
  ↳ bin/rails:9
  [1m[35m (4.0ms)[0m  [1m[35mCOMMIT[0m
  ↳ bin/rails:9
  [1m[36mActiveRecord::InternalMetadata Load (0.5ms)[0m  [1m[34mSELECT  "ar_internal_metadata".* FROM "ar_internal_metadata" WHERE "ar_internal_metadata"."key" = $1 LIMIT $2[0m  [["key", "environment"], ["LIMIT", 1]]
  ↳ bin/rails:9
  [1m[35m (0.2ms)[0m  [1m[35mBEGIN[0m
  ↳ bin/rails:9
  [1m[36mActiveRecord::InternalMetadata Create (0.4ms)[0m  [1m[32mINSERT INTO "ar_internal_metadata" ("key", "value", "created_at", "updated_at") VALUES ($1, $2, $3, $4) RETURNING "key"[0m  [["key", "environment"], ["value", "development"], ["created_at", "2021-01-08 21:14:57.803661"], ["updated_at", "2021-01-08 21:14:57.803661"]]
  ↳ bin/rails:9
  [1m[35m (1.8ms)[0m  [1m[35mCOMMIT[0m
  ↳ bin/rails:9
  [1m[35m (0.3ms)[0m  [1m[34mSELECT pg_advisory_unlock(1497782295571331280)[0m
  ↳ bin/rails:9
  [1m[35m (0.9ms)[0m  [1m[34mSELECT "schema_migrations"."version" FROM "schema_migrations" ORDER BY "schema_migrations"."version" ASC[0m
  ↳ bin/rails:9
  [1m[35m (0.5ms)[0m  [1m[35mBEGIN[0m
  [1m[36mTodo Create (1.2ms)[0m  [1m[32mINSERT INTO "todos" ("title", "body", "done", "created_at", "updated_at") VALUES ($1, $2, $3, $4, $5) RETURNING "id"[0m  [["title", "workout"], ["body", "abs day"], ["done", false], ["created_at", "2021-01-08 21:17:06.707043"], ["updated_at", "2021-01-08 21:17:06.707043"]]
  [1m[35m (2.0ms)[0m  [1m[35mCOMMIT[0m
  [1m[35m (0.3ms)[0m  [1m[35mBEGIN[0m
  [1m[36mTodo Create (0.5ms)[0m  [1m[32mINSERT INTO "todos" ("title", "body", "done", "created_at", "updated_at") VALUES ($1, $2, $3, $4, $5) RETURNING "id"[0m  [["title", "grocery run"], ["body", "get brocolli"], ["done", false], ["created_at", "2021-01-08 21:17:21.646107"], ["updated_at", "2021-01-08 21:17:21.646107"]]
  [1m[35m (4.8ms)[0m  [1m[35mCOMMIT[0m
  [1m[35m (0.2ms)[0m  [1m[35mBEGIN[0m
  [1m[36mTodo Create (1.8ms)[0m  [1m[32mINSERT INTO "todos" ("title", "body", "done", "created_at", "updated_at") VALUES ($1, $2, $3, $4, $5) RETURNING "id"[0m  [["title", "laundry"], ["body", "do laundry"], ["done", false], ["created_at", "2021-01-08 21:17:38.967346"], ["updated_at", "2021-01-08 21:17:38.967346"]]
  [1m[35m (2.7ms)[0m  [1m[35mCOMMIT[0m
  [1m[35m (0.3ms)[0m  [1m[35mBEGIN[0m
  [1m[36mTodo Create (0.4ms)[0m  [1m[32mINSERT INTO "todos" ("title", "body", "done", "created_at", "updated_at") VALUES ($1, $2, $3, $4, $5) RETURNING "id"[0m  [["title", "doctor appointment"], ["body", "appointment at 11 am"], ["done", false], ["created_at", "2021-01-08 21:18:10.052822"], ["updated_at", "2021-01-08 21:18:10.052822"]]
  [1m[35m (1.6ms)[0m  [1m[35mCOMMIT[0m
  [1m[35m (0.2ms)[0m  [1m[35mBEGIN[0m
  [1m[36mTodo Create (0.4ms)[0m  [1m[32mINSERT INTO "todos" ("title", "body", "done", "created_at", "updated_at") VALUES ($1, $2, $3, $4, $5) RETURNING "id"[0m  [["title", "diet"], ["body", "eat oatmeal"], ["done", false], ["created_at", "2021-01-08 21:18:28.700798"], ["updated_at", "2021-01-08 21:18:28.700798"]]
  [1m[35m (2.9ms)[0m  [1m[35mCOMMIT[0m
  [1m[36mTodo Load (0.5ms)[0m  [1m[34mSELECT "todos".* FROM "todos"[0m
Started GET "/" for ::1 at 2021-01-08 16:37:36 -0500
  [1m[35m (0.9ms)[0m  [1m[34mSELECT "schema_migrations"."version" FROM "schema_migrations" ORDER BY "schema_migrations"."version" ASC[0m
  ↳ /home/syangrea/.rbenv/versions/2.5.1/lib/ruby/gems/2.5.0/gems/activerecord-5.2.4.4/lib/active_record/log_subscriber.rb:98
Processing by StaticPagesController#root as HTML
  Rendering static_pages/root.html.erb within layouts/application
  Rendered static_pages/root.html.erb within layouts/application (1.5ms)
Completed 200 OK in 444ms (Views: 443.1ms | ActiveRecord: 0.0ms)


Started GET "/api/todos" for ::1 at 2021-01-08 16:38:27 -0500
Processing by Api::TodosController#index as JSON
No template found for Api::TodosController#index, rendering head :no_content
Completed 204 No Content in 12ms (ActiveRecord: 0.0ms)


Started GET "/api/todos" for ::1 at 2021-01-08 16:40:00 -0500
Processing by Api::TodosController#index as JSON
No template found for Api::TodosController#index, rendering head :no_content
Completed 204 No Content in 13ms (ActiveRecord: 0.0ms)


Started GET "/api/todo/1" for ::1 at 2021-01-08 16:40:57 -0500
  
ActionController::RoutingError (No route matches [GET] "/api/todo/1"):
  
actionpack (5.2.4.4) lib/action_dispatch/middleware/debug_exceptions.rb:65:in `call'
web-console (3.7.0) lib/web_console/middleware.rb:135:in `call_app'
web-console (3.7.0) lib/web_console/middleware.rb:30:in `block in call'
web-console (3.7.0) lib/web_console/middleware.rb:20:in `catch'
web-console (3.7.0) lib/web_console/middleware.rb:20:in `call'
actionpack (5.2.4.4) lib/action_dispatch/middleware/show_exceptions.rb:33:in `call'
railties (5.2.4.4) lib/rails/rack/logger.rb:38:in `call_app'
railties (5.2.4.4) lib/rails/rack/logger.rb:26:in `block in call'
activesupport (5.2.4.4) lib/active_support/tagged_logging.rb:71:in `block in tagged'
activesupport (5.2.4.4) lib/active_support/tagged_logging.rb:28:in `tagged'
activesupport (5.2.4.4) lib/active_support/tagged_logging.rb:71:in `tagged'
railties (5.2.4.4) lib/rails/rack/logger.rb:26:in `call'
sprockets-rails (3.2.2) lib/sprockets/rails/quiet_assets.rb:13:in `call'
actionpack (5.2.4.4) lib/action_dispatch/middleware/remote_ip.rb:81:in `call'
actionpack (5.2.4.4) lib/action_dispatch/middleware/request_id.rb:27:in `call'
rack (2.2.3) lib/rack/method_override.rb:24:in `call'
rack (2.2.3) lib/rack/runtime.rb:22:in `call'
activesupport (5.2.4.4) lib/active_support/cache/strategy/local_cache_middleware.rb:29:in `call'
actionpack (5.2.4.4) lib/action_dispatch/middleware/executor.rb:14:in `call'
actionpack (5.2.4.4) lib/action_dispatch/middleware/static.rb:127:in `call'
rack (2.2.3) lib/rack/sendfile.rb:110:in `call'
railties (5.2.4.4) lib/rails/engine.rb:524:in `call'
puma (3.12.6) lib/puma/configuration.rb:227:in `call'
puma (3.12.6) lib/puma/server.rb:706:in `handle_request'
puma (3.12.6) lib/puma/server.rb:476:in `process_client'
puma (3.12.6) lib/puma/server.rb:334:in `block in run'
puma (3.12.6) lib/puma/thread_pool.rb:135:in `block in spawn_thread'
Started GET "/api/todos/1" for ::1 at 2021-01-08 16:41:16 -0500
Processing by Api::TodosController#show as JSON
  Parameters: {"id"=>"1"}
  [1m[36mTodo Load (0.5ms)[0m  [1m[34mSELECT  "todos".* FROM "todos" WHERE "todos"."id" = $1 LIMIT $2[0m  [["id", 1], ["LIMIT", 1]]
  ↳ app/controllers/api/todos_controller.rb:8
Completed 200 OK in 29ms (Views: 0.9ms | ActiveRecord: 7.2ms)


Started GET "/api/todos/2" for ::1 at 2021-01-08 16:41:31 -0500
Processing by Api::TodosController#show as JSON
  Parameters: {"id"=>"2"}
  [1m[36mTodo Load (0.4ms)[0m  [1m[34mSELECT  "todos".* FROM "todos" WHERE "todos"."id" = $1 LIMIT $2[0m  [["id", 2], ["LIMIT", 1]]
  ↳ app/controllers/api/todos_controller.rb:8
Completed 200 OK in 2ms (Views: 0.4ms | ActiveRecord: 0.4ms)


Started GET "/" for ::1 at 2021-01-08 16:44:14 -0500
  [1m[35m (0.7ms)[0m  [1m[34mSELECT "schema_migrations"."version" FROM "schema_migrations" ORDER BY "schema_migrations"."version" ASC[0m
  ↳ /home/syangrea/.rbenv/versions/2.5.1/lib/ruby/gems/2.5.0/gems/activerecord-5.2.4.4/lib/active_record/log_subscriber.rb:98
Processing by StaticPagesController#root as HTML
  Rendering static_pages/root.html.erb within layouts/application
  Rendered static_pages/root.html.erb within layouts/application (1.0ms)
Completed 200 OK in 379ms (Views: 378.3ms | ActiveRecord: 0.0ms)


Started GET "/api/todos/" for ::1 at 2021-01-08 16:44:25 -0500
Processing by Api::TodosController#index as JSON
  [1m[36mTodo Load (2.0ms)[0m  [1m[34mSELECT "todos".* FROM "todos"[0m
  ↳ app/controllers/api/todos_controller.rb:5
Completed 200 OK in 33ms (Views: 11.8ms | ActiveRecord: 17.4ms)


Started GET "/" for ::1 at 2021-01-08 16:48:06 -0500
  [1m[35m (0.9ms)[0m  [1m[34mSELECT "schema_migrations"."version" FROM "schema_migrations" ORDER BY "schema_migrations"."version" ASC[0m
  ↳ /home/syangrea/.rbenv/versions/2.5.1/lib/ruby/gems/2.5.0/gems/activerecord-5.2.4.4/lib/active_record/log_subscriber.rb:98
Processing by StaticPagesController#root as HTML
  Rendering static_pages/root.html.erb within layouts/application
  Rendered static_pages/root.html.erb within layouts/application (0.9ms)
Completed 200 OK in 312ms (Views: 311.0ms | ActiveRecord: 0.0ms)


Started GET "/api/todos/" for ::1 at 2021-01-08 16:48:09 -0500
Processing by Api::TodosController#index as JSON
  [1m[36mTodo Load (0.9ms)[0m  [1m[34mSELECT "todos".* FROM "todos"[0m
  ↳ app/controllers/api/todos_controller.rb:5
Completed 200 OK in 21ms (Views: 9.1ms | ActiveRecord: 9.2ms)


Started GET "/api/todos/1" for ::1 at 2021-01-08 16:48:18 -0500
Processing by Api::TodosController#show as JSON
  Parameters: {"id"=>"1"}
  [1m[36mTodo Load (0.4ms)[0m  [1m[34mSELECT  "todos".* FROM "todos" WHERE "todos"."id" = $1 LIMIT $2[0m  [["id", 1], ["LIMIT", 1]]
  ↳ app/controllers/api/todos_controller.rb:9
Completed 200 OK in 4ms (Views: 0.5ms | ActiveRecord: 0.7ms)


Started GET "/api/todos/" for ::1 at 2021-01-08 16:48:31 -0500
Processing by Api::TodosController#index as JSON
  [1m[36mTodo Load (0.4ms)[0m  [1m[34mSELECT "todos".* FROM "todos"[0m
  ↳ app/controllers/api/todos_controller.rb:5
Completed 200 OK in 2ms (Views: 1.7ms | ActiveRecord: 0.4ms)


Started GET "/api/todos/" for ::1 at 2021-01-08 16:48:43 -0500
Processing by Api::TodosController#index as JSON
  [1m[36mTodo Load (0.4ms)[0m  [1m[34mSELECT "todos".* FROM "todos"[0m
  ↳ app/controllers/api/todos_controller.rb:5
Completed 200 OK in 3ms (Views: 2.0ms | ActiveRecord: 0.4ms)


Started DELETE "/api/todos/3" for ::1 at 2021-01-08 16:49:54 -0500
Processing by Api::TodosController#destroy as JSON
  Parameters: {"id"=>"3"}
  [1m[36mTodo Load (0.4ms)[0m  [1m[34mSELECT  "todos".* FROM "todos" WHERE "todos"."id" = $1 LIMIT $2[0m  [["id", 3], ["LIMIT", 1]]
  ↳ app/controllers/api/todos_controller.rb:31
  [1m[35m (0.4ms)[0m  [1m[35mBEGIN[0m
  ↳ app/controllers/api/todos_controller.rb:32
  [1m[36mTodo Destroy (0.5ms)[0m  [1m[31mDELETE FROM "todos" WHERE "todos"."id" = $1[0m  [["id", 3]]
  ↳ app/controllers/api/todos_controller.rb:32
  [1m[35m (10.7ms)[0m  [1m[35mCOMMIT[0m
  ↳ app/controllers/api/todos_controller.rb:32
Completed 200 OK in 16ms (Views: 0.4ms | ActiveRecord: 11.9ms)


Started GET "/api/todos/" for ::1 at 2021-01-08 16:50:08 -0500
Processing by Api::TodosController#index as JSON
  [1m[36mTodo Load (0.4ms)[0m  [1m[34mSELECT "todos".* FROM "todos"[0m
  ↳ app/controllers/api/todos_controller.rb:5
Completed 200 OK in 2ms (Views: 1.7ms | ActiveRecord: 0.4ms)


Started POST "/api/todos/" for ::1 at 2021-01-08 16:52:48 -0500
  [1m[35m (0.7ms)[0m  [1m[34mSELECT "schema_migrations"."version" FROM "schema_migrations" ORDER BY "schema_migrations"."version" ASC[0m
  ↳ /home/syangrea/.rbenv/versions/2.5.1/lib/ruby/gems/2.5.0/gems/activerecord-5.2.4.4/lib/active_record/log_subscriber.rb:98
Processing by Api::TodosController#create as JSON
  Parameters: {"todo"=>{"title"=>"build house", "body"=>"get concrete", "done"=>"false"}}
  [1m[35m (0.3ms)[0m  [1m[35mBEGIN[0m
  ↳ app/controllers/api/todos_controller.rb:14
  [1m[36mTodo Create (0.7ms)[0m  [1m[32mINSERT INTO "todos" ("title", "body", "done", "created_at", "updated_at") VALUES ($1, $2, $3, $4, $5) RETURNING "id"[0m  [["title", "build house"], ["body", "get concrete"], ["done", false], ["created_at", "2021-01-08 21:52:48.149414"], ["updated_at", "2021-01-08 21:52:48.149414"]]
  ↳ app/controllers/api/todos_controller.rb:14
  [1m[35m (3.2ms)[0m  [1m[35mCOMMIT[0m
  ↳ app/controllers/api/todos_controller.rb:14
Completed 200 OK in 24ms (Views: 0.6ms | ActiveRecord: 7.4ms)


Started DELETE "/api/todos/" for ::1 at 2021-01-08 16:52:58 -0500
  
ActionController::RoutingError (No route matches [DELETE] "/api/todos"):
  
actionpack (5.2.4.4) lib/action_dispatch/middleware/debug_exceptions.rb:65:in `call'
web-console (3.7.0) lib/web_console/middleware.rb:135:in `call_app'
web-console (3.7.0) lib/web_console/middleware.rb:30:in `block in call'
web-console (3.7.0) lib/web_console/middleware.rb:20:in `catch'
web-console (3.7.0) lib/web_console/middleware.rb:20:in `call'
actionpack (5.2.4.4) lib/action_dispatch/middleware/show_exceptions.rb:33:in `call'
railties (5.2.4.4) lib/rails/rack/logger.rb:38:in `call_app'
railties (5.2.4.4) lib/rails/rack/logger.rb:26:in `block in call'
activesupport (5.2.4.4) lib/active_support/tagged_logging.rb:71:in `block in tagged'
activesupport (5.2.4.4) lib/active_support/tagged_logging.rb:28:in `tagged'
activesupport (5.2.4.4) lib/active_support/tagged_logging.rb:71:in `tagged'
railties (5.2.4.4) lib/rails/rack/logger.rb:26:in `call'
sprockets-rails (3.2.2) lib/sprockets/rails/quiet_assets.rb:13:in `call'
actionpack (5.2.4.4) lib/action_dispatch/middleware/remote_ip.rb:81:in `call'
actionpack (5.2.4.4) lib/action_dispatch/middleware/request_id.rb:27:in `call'
rack (2.2.3) lib/rack/method_override.rb:24:in `call'
rack (2.2.3) lib/rack/runtime.rb:22:in `call'
activesupport (5.2.4.4) lib/active_support/cache/strategy/local_cache_middleware.rb:29:in `call'
actionpack (5.2.4.4) lib/action_dispatch/middleware/executor.rb:14:in `call'
actionpack (5.2.4.4) lib/action_dispatch/middleware/static.rb:127:in `call'
rack (2.2.3) lib/rack/sendfile.rb:110:in `call'
railties (5.2.4.4) lib/rails/engine.rb:524:in `call'
puma (3.12.6) lib/puma/configuration.rb:227:in `call'
puma (3.12.6) lib/puma/server.rb:706:in `handle_request'
puma (3.12.6) lib/puma/server.rb:476:in `process_client'
puma (3.12.6) lib/puma/server.rb:334:in `block in run'
puma (3.12.6) lib/puma/thread_pool.rb:135:in `block in spawn_thread'
Started GET "/api/todos/" for ::1 at 2021-01-08 16:53:05 -0500
Processing by Api::TodosController#index as JSON
  [1m[36mTodo Load (0.4ms)[0m  [1m[34mSELECT "todos".* FROM "todos"[0m
  ↳ app/controllers/api/todos_controller.rb:5
Completed 200 OK in 3ms (Views: 2.5ms | ActiveRecord: 0.4ms)


Started PATCH "/api/todos/1" for ::1 at 2021-01-08 16:54:09 -0500
Processing by Api::TodosController#update as JSON
  Parameters: {"todo"=>{"title"=>"workout2", "body"=>"leg day", "done"=>"false"}, "id"=>"1"}
  [1m[36mTodo Load (0.6ms)[0m  [1m[34mSELECT  "todos".* FROM "todos" WHERE "todos"."id" = $1 LIMIT $2[0m  [["id", 1], ["LIMIT", 1]]
  ↳ app/controllers/api/todos_controller.rb:22
  [1m[35m (0.3ms)[0m  [1m[35mBEGIN[0m
  ↳ app/controllers/api/todos_controller.rb:23
  [1m[36mTodo Update (0.6ms)[0m  [1m[33mUPDATE "todos" SET "title" = $1, "body" = $2, "updated_at" = $3 WHERE "todos"."id" = $4[0m  [["title", "workout2"], ["body", "leg day"], ["updated_at", "2021-01-08 21:54:09.052902"], ["id", 1]]
  ↳ app/controllers/api/todos_controller.rb:23
  [1m[35m (13.2ms)[0m  [1m[35mCOMMIT[0m
  ↳ app/controllers/api/todos_controller.rb:23
Completed 200 OK in 44ms (Views: 0.6ms | ActiveRecord: 20.5ms)


Started GET "/api/todos/" for ::1 at 2021-01-08 16:54:14 -0500
Processing by Api::TodosController#index as JSON
  [1m[36mTodo Load (0.4ms)[0m  [1m[34mSELECT "todos".* FROM "todos"[0m
  ↳ app/controllers/api/todos_controller.rb:5
Completed 200 OK in 2ms (Views: 1.7ms | ActiveRecord: 0.4ms)


